app/build/intermediates/manifest_merge_blame_file/debug/manifest-merger-blame-debug-report.txt
1<?xml version="1.0" encoding="utf-8"?>
2<manifest xmlns:android="http://schemas.android.com/apk/res/android"
3    package="com.example.projetopetshop"
4    android:versionCode="1"
5    android:versionName="1.0" >
6
7    <uses-sdk
8        android:minSdkVersion="23"
8-->src\main\AndroidManifest.xml
9        android:targetSdkVersion="29" />
9-->src\main\AndroidManifest.xml
10
11    <uses-permission android:name="android.permission.INTERNET" />
11-->src\main\AndroidManifest.xml:37:5-67
11-->src\main\AndroidManifest.xml:37:22-64
12    <uses-permission android:name="android.permission.INTERNET" />
12-->src\main\AndroidManifest.xml:37:5-67
12-->src\main\AndroidManifest.xml:37:22-64
13    <uses-permission android:name="android.permission.WRITE_EXTERNAL_STORAGE" />
13-->src\main\AndroidManifest.xml:39:5-81
13-->src\main\AndroidManifest.xml:39:22-78
14    <uses-permission android:name="android.permission.INTERNET" />
14-->src\main\AndroidManifest.xml:37:5-67
14-->src\main\AndroidManifest.xml:37:22-64
15
16    <application
16-->src\main\AndroidManifest.xml:5:5-36:19
17        android:allowBackup="true"
17-->src\main\AndroidManifest.xml:6:9-35
18        android:allowClearUserData="true"
18-->src\main\AndroidManifest.xml:7:9-42
19        android:appComponentFactory="androidx.core.app.CoreComponentFactory"
19-->[androidx.core:core:1.0.1] AndroidManifest.xml:22:18-86
20        android:debuggable="true"
21        android:icon="@mipmap/ic_launcher"
21-->src\main\AndroidManifest.xml:8:9-43
22        android:label="@string/app_name"
22-->src\main\AndroidManifest.xml:9:9-41
23        android:roundIcon="@mipmap/ic_launcher_round"
23-->src\main\AndroidManifest.xml:10:9-54
24        android:supportsRtl="true"
24-->src\main\AndroidManifest.xml:11:9-35
25        android:testOnly="true"
26        android:theme="@style/AppTheme"
26-->src\main\AndroidManifest.xml:12:9-40
27        android:usesCleartextTraffic="true" >
27-->src\main\AndroidManifest.xml:13:9-44
28        <activity android:name="com.example.projetopetshop.Controller.TelaInicial" >
28-->src\main\AndroidManifest.xml:14:9-20:20
28-->src\main\AndroidManifest.xml:14:19-57
29            <intent-filter>
29-->src\main\AndroidManifest.xml:15:13-19:29
30                <action android:name="android.intent.action.MAIN" />
30-->src\main\AndroidManifest.xml:16:17-69
30-->src\main\AndroidManifest.xml:16:25-66
31
32                <category android:name="android.intent.category.LAUNCHER" />
32-->src\main\AndroidManifest.xml:18:17-77
32-->src\main\AndroidManifest.xml:18:27-74
33            </intent-filter>
34        </activity>
35        <activity android:name="com.example.projetopetshop.Controller.TelaPesquisa" >
35-->src\main\AndroidManifest.xml:21:9-27:20
35-->src\main\AndroidManifest.xml:21:19-58
36            <intent-filter>
36-->src\main\AndroidManifest.xml:15:13-19:29
37                <action android:name="android.intent.action.MAIN" />
37-->src\main\AndroidManifest.xml:16:17-69
37-->src\main\AndroidManifest.xml:16:25-66
38
39                <category android:name="android.intent.category.LAUNCHER" />
39-->src\main\AndroidManifest.xml:18:17-77
39-->src\main\AndroidManifest.xml:18:27-74
40            </intent-filter>
41        </activity>
42        <activity android:name="com.example.projetopetshop.Controller.TelaCadastro" />
42-->src\main\AndroidManifest.xml:28:9-61
42-->src\main\AndroidManifest.xml:28:19-58
43        <activity android:name="com.example.projetopetshop.Controller.TelaLogin" >
43-->src\main\AndroidManifest.xml:29:9-35:20
43-->src\main\AndroidManifest.xml:29:19-55
44            <intent-filter>
44-->src\main\AndroidManifest.xml:15:13-19:29
45                <action android:name="android.intent.action.MAIN" />
45-->src\main\AndroidManifest.xml:16:17-69
45-->src\main\AndroidManifest.xml:16:25-66
46
47                <category android:name="android.intent.category.LAUNCHER" />
47-->src\main\AndroidManifest.xml:18:17-77
47-->src\main\AndroidManifest.xml:18:27-74
48            </intent-filter>
49        </activity>
50    </application>
51
52</manifest>